2012.10.20 11:40:42	1	Начало импорта БД `h116`
2012.10.20 11:40:42	1	Файл: TUMEN-h116_2012-10-20_10-31-24.sql.gz
2012.10.20 11:40:42	1	Установлена кодировка соединения: `utf8_general_ci`
2012.10.20 11:40:42	1	Импорт таблицы `1_brands`
2012.10.20 11:40:42	1	Импорт таблицы `1_cars`
2012.10.20 11:40:42	1	Импорт таблицы `1_clients`
2012.10.20 11:40:44	1	Импорт таблицы `1_do`
2012.10.20 11:40:51	1	Импорт таблицы `1_doadmin`
2012.10.20 11:40:51	1	Импорт таблицы `1_dotype`
2012.10.20 11:40:51	1	Импорт таблицы `1_log`
2012.10.20 11:40:51	1	Импорт таблицы `1_menu`
2012.10.20 11:40:51	1	Импорт таблицы `1_models`
2012.10.20 11:40:51	1	Импорт таблицы `1_news`
2012.10.20 11:40:51	1	Импорт таблицы `1_news_type`
2012.10.20 11:40:51	1	Импорт таблицы `1_settings`
2012.10.20 11:40:51	1	Импорт таблицы `1_users`
2012.10.20 11:40:51	1	Импорт таблицы `chat`
2012.10.20 11:40:51	1	Установлена кодировка соединения: `utf8_unicode_ci`
2012.10.20 11:40:51	1	Импорт таблицы `users`
2012.10.20 11:40:51	1	Установлена кодировка соединения: `utf8_general_ci`
2012.10.20 11:40:51	1	Импорт таблицы `wiki_acl`
2012.10.20 11:40:51	1	Импорт таблицы `wiki_acls`
2012.10.20 11:40:51	1	Импорт таблицы `wiki_bookmark`
2012.10.20 11:40:51	1	Импорт таблицы `wiki_cache`
2012.10.20 11:40:51	1	Импорт таблицы `wiki_category`
2012.10.20 11:40:51	1	Импорт таблицы `wiki_category_page`
2012.10.20 11:40:51	1	Импорт таблицы `wiki_config`
2012.10.20 11:40:51	1	Импорт таблицы `wiki_group`
2012.10.20 11:40:51	1	Импорт таблицы `wiki_group_member`
2012.10.20 11:40:51	1	Импорт таблицы `wiki_link`
2012.10.20 11:40:51	1	Импорт таблицы `wiki_links`
2012.10.20 11:40:51	1	Импорт таблицы `wiki_log`
2012.10.20 11:40:51	1	Импорт таблицы `wiki_page`
2012.10.20 11:40:51	1	Импорт таблицы `wiki_pages`
2012.10.20 11:40:51	4	MySQL Error: Duplicate entry \'?????\' for key \'idx_tag\' (/Applications/MAMP/htdocs/fpk/fpk/sxd/index.php:1581)
